<?xml version="1.0" encoding="UTF-8"?>
<!-- Generated by org.testng.reporters.JUnitXMLReporter -->
<testsuite hostname="DESKTOP-43OLE1J" name="Default test" tests="3" failures="0" timestamp="8 Nov 2021 11:48:50 GMT" time="8.47" errors="0">
  <testcase name="ValdateTitleTest" time="0.041" classname="com.wiki.Tests.HomePageTest"/>
  <testcase name="searchInputTest" time="2.306" classname="com.wiki.Tests.HomePageTest"/>
  <testcase name="validateTextTest" time="0.126" classname="com.wiki.Tests.HomePageTest"/>
</testsuite> <!-- Default test -->
