<?xml version="1.0" encoding="UTF-8"?>
<testng-results skipped="0" failed="0" total="1" passed="1">
  <reporter-output>
  </reporter-output>
  <suite name="Default suite" duration-ms="73" started-at="2023-11-16T09:04:33Z" finished-at="2023-11-16T09:04:33Z">
    <groups>
    </groups>
    <test name="Default test" duration-ms="73" started-at="2023-11-16T09:04:33Z" finished-at="2023-11-16T09:04:33Z">
      <class name="javaStreams.Pgm1">
        <test-method status="PASS" signature="streamCollect()[pri:0, instance:javaStreams.Pgm1@6a024a67]" name="streamCollect" duration-ms="59" started-at="2023-11-16T14:34:33Z" finished-at="2023-11-16T14:34:33Z">
          <reporter-output>
          </reporter-output>
        </test-method> <!-- streamCollect -->
      </class> <!-- javaStreams.Pgm1 -->
    </test> <!-- Default test -->
  </suite> <!-- Default suite -->
</testng-results>
