<?xml version="1.0" encoding="UTF-8"?>
<testng-results skipped="0" failed="0" total="1" passed="1">
  <reporter-output>
  </reporter-output>
  <suite name="Default suite" duration-ms="7016" started-at="2023-11-29T06:09:26Z" finished-at="2023-11-29T06:09:34Z">
    <groups>
    </groups>
    <test name="Default test" duration-ms="7016" started-at="2023-11-29T06:09:26Z" finished-at="2023-11-29T06:09:34Z">
      <class name="extendReports.ExtentReportDemo">
        <test-method status="PASS" signature="config()[pri:0, instance:extendReports.ExtentReportDemo@5702b3b1]" name="config" is-config="true" duration-ms="185" started-at="2023-11-29T11:39:26Z" finished-at="2023-11-29T11:39:27Z">
          <reporter-output>
          </reporter-output>
        </test-method> <!-- config -->
        <test-method status="PASS" signature="InitialDemo()[pri:0, instance:extendReports.ExtentReportDemo@5702b3b1]" name="InitialDemo" duration-ms="6820" started-at="2023-11-29T11:39:27Z" finished-at="2023-11-29T11:39:34Z">
          <reporter-output>
          </reporter-output>
        </test-method> <!-- InitialDemo -->
      </class> <!-- extendReports.ExtentReportDemo -->
    </test> <!-- Default test -->
  </suite> <!-- Default suite -->
</testng-results>
