<?xml version="1.0" encoding="UTF-8"?>
<testng-results skipped="0" failed="0" total="3" passed="3">
  <reporter-output>
  </reporter-output>
  <suite name="Default suite" duration-ms="8470" started-at="2021-11-08T11:48:41Z" finished-at="2021-11-08T11:48:50Z">
    <groups>
    </groups>
    <test name="Default test" duration-ms="8470" started-at="2021-11-08T11:48:41Z" finished-at="2021-11-08T11:48:50Z">
      <class name="com.wiki.Tests.HomePageTest">
        <test-method status="PASS" signature="startbrowser()[pri:0, instance:com.wiki.Tests.HomePageTest@28d25987]" name="startbrowser" is-config="true" duration-ms="5956" started-at="2021-11-08T17:18:41Z" finished-at="2021-11-08T17:18:47Z">
          <reporter-output>
          </reporter-output>
        </test-method> <!-- startbrowser -->
        <test-method status="PASS" signature="ValdateTitleTest()[pri:0, instance:com.wiki.Tests.HomePageTest@28d25987]" name="ValdateTitleTest" duration-ms="41" started-at="2021-11-08T17:18:47Z" finished-at="2021-11-08T17:18:47Z">
          <reporter-output>
          </reporter-output>
        </test-method> <!-- ValdateTitleTest -->
        <test-method status="PASS" signature="searchInputTest()[pri:0, instance:com.wiki.Tests.HomePageTest@28d25987]" name="searchInputTest" duration-ms="2306" started-at="2021-11-08T17:18:47Z" finished-at="2021-11-08T17:18:50Z">
          <reporter-output>
          </reporter-output>
        </test-method> <!-- searchInputTest -->
        <test-method status="PASS" signature="validateTextTest()[pri:0, instance:com.wiki.Tests.HomePageTest@28d25987]" name="validateTextTest" duration-ms="126" started-at="2021-11-08T17:18:50Z" finished-at="2021-11-08T17:18:50Z">
          <reporter-output>
          </reporter-output>
        </test-method> <!-- validateTextTest -->
      </class> <!-- com.wiki.Tests.HomePageTest -->
    </test> <!-- Default test -->
  </suite> <!-- Default suite -->
</testng-results>
